select_prio select 978-1-261-59338-8
modify_prio modify -name="Frigga" -author="MckenzieWhite" -keyword="greenwood|bianco|Syria|purslane"
select_prio select 978-0-615-46275-2
modify_prio modify -name="triptych" -author="AmandaDean" -keyword="Watkins|purslane|greenwood|bianco|denizen"
select_prio select 978-1-4073-5808-6
modify_prio modify -name="toad" -author="AmandaDean" -keyword="tulle|nutritious|greenwood" -price=109.57
select_prio select 978-0-257-68321-8
modify_prio modify -name="Frigga" -author="JefferyHill" -keyword="nutritious|grandniece|tulle|hiatus|greenwood" -price=264.51
buy:book is not enough buy 978-1-57076-066-2 1
select_prio select 978-1-308-23156-3
modify_prio modify -name="Statler" -author="ZacharySilva" -keyword="lordosis|denizen|hiatus|douse" -price=448.03
select_prio select 978-1-4905-6971-0
modify_prio modify -name="holiday" -author="RavenHancock" -keyword="grandniece|hiatus" -price=80.09
buy:book is not found buy 978-0-257-68321-8 1
buy:book is not found buy 978-0-513-66114-1 1
978-0-910812-86-3	abeyance		grandniece|nutritious|withheld	157.25	0
978-1-261-59338-8	Methuselah	RavenHancock	hiatus|grandniece|incessant|tulle|Syria	250.79	0
978-0-89779-874-7	nurture	MckenzieWhite	Syria|purslane|nutritious	191.68	0
978-1-59466-314-7	framework	MckenzieWhite	hiatus|purslane	422.34	0
978-1-972437-83-4	Algenib	TiffanyBrown	Syria|purslane|denizen	141.68	30
select_prio select 978-0-9921328-2-8
modify_prio modify -name="bondage" -author="MonicaZavala" -keyword="Watkins|Syria|bianco" -price=66.48
select_prio select 978-0-514-80251-2
modify_prio modify -name="pause" -author="MckenzieWhite" -price=92.46

select_prio select 978-1-4131-2784-3
modify_prio modify -name="buckboard" -author="JonathanAdams" -keyword="tulle|frigate|Syria" -price=412.65
323.72
select_prio select 978-1-308-23156-3
modify_prio modify -name="Varitype" -author="JonathanAdams" -price=137.52
select_prio select 978-0-7827-9310-9
modify_prio modify -name="grouchy" -author="MckenzieWhite" -keyword="douse|incessant" -price=468.66
select_prio select 978-1-66922-045-9
modify_prio modify -name="Herschel" -author="BryanJohnson" -price=253.74
select_prio select 978-1-03-372606-8
modify_prio modify -name="Amoco" -author="MonicaZavala" -keyword="douse|denizen|grandniece|Watkins" -price=428.26
select_prio select 978-0-9589183-3-6
modify_prio modify -name="Berman" -author="JefferyHill" -keyword="Watkins" -price=151.30
select_prio select 978-0-8249-1027-3
modify_prio modify -name="Schmitt" -author="TiffanyBrown" -keyword="douse|frigate|tulle|Watkins" -price=0.57
select_prio select 978-0-607-26789-1
modify_prio modify -name="narcotic" -author="TiffanyBrown" -keyword="douse" -price=387.06

buy:book is not found buy 978-0-458-78062-4 1
select_prio select 978-1-9733-9912-4
modify_prio modify -name="seder" -author="JefferyHill" -keyword="purslane|hiatus|bianco|Watkins" -price=241.14
buy:book is not enough buy 978-1-59466-314-7 1
978-0-910812-86-3	abeyance		grandniece|nutritious|withheld	157.25	0
978-0-641-43198-2	not	MckenzieWhite	Syria|tulle|frigate|hiatus	359.46	0
978-1-261-59338-8	Methuselah	RavenHancock	hiatus|grandniece|incessant|tulle|Syria	250.79	0
buy:book is not found buy 978-0-513-66114-1 1
978-1-972437-83-4	Algenib	TiffanyBrown	Syria|purslane|denizen	141.68	30
select_prio select 978-0-427-96596-0
modify_prio modify -name="paraffin" -author="BryanJohnson" -keyword="greenwood|nutritious" -price=286.64
select_prio select 978-0-257-68321-8
modify_prio modify -name="there'd" -author="NathanielOdom" -price=96.41
buy:book is not found buy 978-1-4073-5808-6 1
978-0-7827-9310-9	immigrate	MonicaZavala	greenwood|nutritious|denizen	119.05	10
978-0-7827-9310-9	immigrate	MonicaZavala	greenwood|nutritious|denizen	119.05	10
select_prio select 978-1-59466-314-7
modify_prio modify -keyword="bianco|hiatus" -price=398.42
buy:book is not found buy 978-0-513-66114-1 1
select_prio select 978-1-59466-314-7
modify_prio modify -author="ZacharySilva" -keyword="incessant|withheld"
passwd: wrong passwd passwd LKwFjGp3YmltgCD9q0uS5B4najrne8 tX se8CK
buy:book is not enough buy 978-1-59466-314-7 1
buy:book is not found buy 978-1-4131-2784-3 1
978-0-346-59823-2	Messrs	MckenzieWhite	denizen|bianco	323.72	16
978-0-641-43198-2	not	MckenzieWhite	Syria|tulle|frigate|hiatus	359.46	0
978-0-89779-874-7	nurture	MckenzieWhite	Syria|purslane|nutritious	191.68	0
978-1-57076-066-2	profile	MckenzieWhite	Syria|bianco	245.51	0
978-1-59466-314-7	framework	MckenzieWhite	hiatus|purslane	422.34	0
select_prio select 978-0-09-047259-8
modify_prio modify -price=484.90
passwd: wrong passwd passwd vEZcFWHB3WSv BeQb6_ A4ZIb6qf7o_rBCvSA
buy:book is not found buy 978-0-607-26789-1 1
buy:book is not enough buy 978-0-910812-86-3 1
buy:book is not found buy 978-1-9733-9912-4 1
978-1-972437-83-4	Algenib	TiffanyBrown	Syria|purslane|denizen	141.68	30
342.19
select_prio select 978-1-112-77091-3
modify_prio modify -name="needham" -author="NathanielOdom" -keyword="Syria|grandniece" -price=9.24
